<?xml version="1.0" encoding="UTF-8"?>
<testsuite xmlns:xsi="http://www.w3.org/2001/XMLSchema-instance" xsi:noNamespaceSchemaLocation="https://maven.apache.org/surefire/maven-surefire-plugin/xsd/surefire-test-report.xsd" name="com.imooc.security.AppTest" time="0.049" tests="1" errors="0" skipped="0" failures="0">
  <properties>
    <property name="sun.desktop" value="windows"/>
    <property name="awt.toolkit" value="sun.awt.windows.WToolkit"/>
    <property name="file.encoding.pkg" value="sun.io"/>
    <property name="java.specification.version" value="1.8"/>
    <property name="sun.cpu.isalist" value="amd64"/>
    <property name="sun.jnu.encoding" value="GBK"/>
    <property name="java.class.path" value="E:\intellij_workspace1\imooc-security\imooc-security-core\target\test-classes;E:\intellij_workspace1\imooc-security\imooc-security-core\target\classes;F:\软件\mavenRepository\org\springframework\cloud\spring-cloud-starter-oauth2\1.2.1.RELEASE\spring-cloud-starter-oauth2-1.2.1.RELEASE.jar;F:\软件\mavenRepository\org\springframework\cloud\spring-cloud-starter-security\1.2.1.RELEASE\spring-cloud-starter-security-1.2.1.RELEASE.jar;F:\软件\mavenRepository\org\springframework\cloud\spring-cloud-starter\1.2.3.RELEASE\spring-cloud-starter-1.2.3.RELEASE.jar;F:\软件\mavenRepository\org\springframework\cloud\spring-cloud-context\1.2.3.RELEASE\spring-cloud-context-1.2.3.RELEASE.jar;F:\软件\mavenRepository\org\springframework\security\spring-security-crypto\4.2.8.RELEASE\spring-security-crypto-4.2.8.RELEASE.jar;F:\软件\mavenRepository\org\springframework\cloud\spring-cloud-commons\1.2.3.RELEASE\spring-cloud-commons-1.2.3.RELEASE.jar;F:\软件\mavenRepository\org\springframework\security\spring-security-rsa\1.0.3.RELEASE\spring-security-rsa-1.0.3.RELEASE.jar;F:\软件\mavenRepository\org\springframework\boot\spring-boot-starter-actuator\1.5.16.RELEASE\spring-boot-starter-actuator-1.5.16.RELEASE.jar;F:\软件\mavenRepository\org\springframework\boot\spring-boot-actuator\1.5.16.RELEASE\spring-boot-actuator-1.5.16.RELEASE.jar;F:\软件\mavenRepository\com\fasterxml\jackson\core\jackson-databind\2.8.11.2\jackson-databind-2.8.11.2.jar;F:\软件\mavenRepository\com\fasterxml\jackson\core\jackson-annotations\2.8.0\jackson-annotations-2.8.0.jar;F:\软件\mavenRepository\com\fasterxml\jackson\core\jackson-core\2.8.11\jackson-core-2.8.11.jar;F:\软件\mavenRepository\org\springframework\cloud\spring-cloud-security\1.2.1.RELEASE\spring-cloud-security-1.2.1.RELEASE.jar;F:\软件\mavenRepository\org\springframework\boot\spring-boot-starter-security\1.5.16.RELEASE\spring-boot-starter-security-1.5.16.RELEASE.jar;F:\软件\mavenRepository\org\springframework\boot\spring-boot-starter-web\1.5.16.RELEASE\spring-boot-starter-web-1.5.16.RELEASE.jar;F:\软件\mavenRepository\org\springframework\boot\spring-boot-starter-tomcat\1.5.16.RELEASE\spring-boot-starter-tomcat-1.5.16.RELEASE.jar;F:\软件\mavenRepository\org\apache\tomcat\embed\tomcat-embed-core\8.5.34\tomcat-embed-core-8.5.34.jar;F:\软件\mavenRepository\org\apache\tomcat\tomcat-annotations-api\8.5.34\tomcat-annotations-api-8.5.34.jar;F:\软件\mavenRepository\org\apache\tomcat\embed\tomcat-embed-el\8.5.34\tomcat-embed-el-8.5.34.jar;F:\软件\mavenRepository\org\apache\tomcat\embed\tomcat-embed-websocket\8.5.34\tomcat-embed-websocket-8.5.34.jar;F:\软件\mavenRepository\org\hibernate\hibernate-validator\5.3.6.Final\hibernate-validator-5.3.6.Final.jar;F:\软件\mavenRepository\javax\validation\validation-api\1.1.0.Final\validation-api-1.1.0.Final.jar;F:\软件\mavenRepository\org\jboss\logging\jboss-logging\3.3.2.Final\jboss-logging-3.3.2.Final.jar;F:\软件\mavenRepository\com\fasterxml\classmate\1.3.4\classmate-1.3.4.jar;F:\软件\mavenRepository\org\springframework\security\oauth\spring-security-oauth2\2.0.15.RELEASE\spring-security-oauth2-2.0.15.RELEASE.jar;F:\软件\mavenRepository\org\springframework\spring-beans\4.3.19.RELEASE\spring-beans-4.3.19.RELEASE.jar;F:\软件\mavenRepository\org\springframework\spring-core\4.3.19.RELEASE\spring-core-4.3.19.RELEASE.jar;F:\软件\mavenRepository\org\springframework\spring-context\4.3.19.RELEASE\spring-context-4.3.19.RELEASE.jar;F:\软件\mavenRepository\org\springframework\security\spring-security-core\4.2.8.RELEASE\spring-security-core-4.2.8.RELEASE.jar;F:\软件\mavenRepository\org\springframework\security\spring-security-config\4.2.8.RELEASE\spring-security-config-4.2.8.RELEASE.jar;F:\软件\mavenRepository\commons-codec\commons-codec\1.10\commons-codec-1.10.jar;F:\软件\mavenRepository\org\codehaus\jackson\jackson-mapper-asl\1.9.13\jackson-mapper-asl-1.9.13.jar;F:\软件\mavenRepository\org\codehaus\jackson\jackson-core-asl\1.9.13\jackson-core-asl-1.9.13.jar;F:\软件\mavenRepository\org\springframework\security\spring-security-jwt\1.0.9.RELEASE\spring-security-jwt-1.0.9.RELEASE.jar;F:\软件\mavenRepository\org\bouncycastle\bcpkix-jdk15on\1.56\bcpkix-jdk15on-1.56.jar;F:\软件\mavenRepository\org\bouncycastle\bcprov-jdk15on\1.56\bcprov-jdk15on-1.56.jar;F:\软件\mavenRepository\org\springframework\boot\spring-boot-starter-data-redis\1.5.16.RELEASE\spring-boot-starter-data-redis-1.5.16.RELEASE.jar;F:\软件\mavenRepository\org\springframework\boot\spring-boot-starter\1.5.16.RELEASE\spring-boot-starter-1.5.16.RELEASE.jar;F:\软件\mavenRepository\org\springframework\boot\spring-boot-starter-logging\1.5.16.RELEASE\spring-boot-starter-logging-1.5.16.RELEASE.jar;F:\软件\mavenRepository\ch\qos\logback\logback-classic\1.1.11\logback-classic-1.1.11.jar;F:\软件\mavenRepository\ch\qos\logback\logback-core\1.1.11\logback-core-1.1.11.jar;F:\软件\mavenRepository\org\slf4j\jul-to-slf4j\1.7.25\jul-to-slf4j-1.7.25.jar;F:\软件\mavenRepository\org\slf4j\log4j-over-slf4j\1.7.25\log4j-over-slf4j-1.7.25.jar;F:\软件\mavenRepository\org\yaml\snakeyaml\1.17\snakeyaml-1.17.jar;F:\软件\mavenRepository\org\springframework\data\spring-data-redis\1.8.15.RELEASE\spring-data-redis-1.8.15.RELEASE.jar;F:\软件\mavenRepository\org\springframework\data\spring-data-keyvalue\1.2.15.RELEASE\spring-data-keyvalue-1.2.15.RELEASE.jar;F:\软件\mavenRepository\org\springframework\data\spring-data-commons\1.13.15.RELEASE\spring-data-commons-1.13.15.RELEASE.jar;F:\软件\mavenRepository\org\springframework\spring-tx\4.3.19.RELEASE\spring-tx-4.3.19.RELEASE.jar;F:\软件\mavenRepository\org\springframework\spring-oxm\4.3.19.RELEASE\spring-oxm-4.3.19.RELEASE.jar;F:\软件\mavenRepository\org\springframework\spring-aop\4.3.19.RELEASE\spring-aop-4.3.19.RELEASE.jar;F:\软件\mavenRepository\org\springframework\spring-context-support\4.3.19.RELEASE\spring-context-support-4.3.19.RELEASE.jar;F:\软件\mavenRepository\org\slf4j\slf4j-api\1.7.25\slf4j-api-1.7.25.jar;F:\软件\mavenRepository\org\slf4j\jcl-over-slf4j\1.7.25\jcl-over-slf4j-1.7.25.jar;F:\软件\mavenRepository\redis\clients\jedis\2.9.0\jedis-2.9.0.jar;F:\软件\mavenRepository\org\apache\commons\commons-pool2\2.4.3\commons-pool2-2.4.3.jar;F:\软件\mavenRepository\org\springframework\boot\spring-boot-starter-jdbc\1.5.16.RELEASE\spring-boot-starter-jdbc-1.5.16.RELEASE.jar;F:\软件\mavenRepository\org\apache\tomcat\tomcat-jdbc\8.5.34\tomcat-jdbc-8.5.34.jar;F:\软件\mavenRepository\org\apache\tomcat\tomcat-juli\8.5.34\tomcat-juli-8.5.34.jar;F:\软件\mavenRepository\org\springframework\spring-jdbc\4.3.19.RELEASE\spring-jdbc-4.3.19.RELEASE.jar;F:\软件\mavenRepository\org\springframework\boot\spring-boot-autoconfigure\1.5.16.RELEASE\spring-boot-autoconfigure-1.5.16.RELEASE.jar;F:\软件\mavenRepository\org\springframework\boot\spring-boot\1.5.16.RELEASE\spring-boot-1.5.16.RELEASE.jar;F:\软件\mavenRepository\mysql\mysql-connector-java\5.1.47\mysql-connector-java-5.1.47.jar;F:\软件\mavenRepository\org\springframework\social\spring-social-core\1.1.6.RELEASE\spring-social-core-1.1.6.RELEASE.jar;F:\软件\mavenRepository\org\springframework\spring-web\4.3.19.RELEASE\spring-web-4.3.19.RELEASE.jar;F:\软件\mavenRepository\org\springframework\social\spring-social-config\1.1.6.RELEASE\spring-social-config-1.1.6.RELEASE.jar;F:\软件\mavenRepository\org\springframework\social\spring-social-security\1.1.6.RELEASE\spring-social-security-1.1.6.RELEASE.jar;F:\软件\mavenRepository\org\springframework\spring-webmvc\4.3.19.RELEASE\spring-webmvc-4.3.19.RELEASE.jar;F:\软件\mavenRepository\org\springframework\spring-expression\4.3.19.RELEASE\spring-expression-4.3.19.RELEASE.jar;F:\软件\mavenRepository\org\springframework\security\spring-security-web\4.2.8.RELEASE\spring-security-web-4.2.8.RELEASE.jar;F:\软件\mavenRepository\aopalliance\aopalliance\1.0\aopalliance-1.0.jar;F:\软件\mavenRepository\org\springframework\social\spring-social-web\1.1.6.RELEASE\spring-social-web-1.1.6.RELEASE.jar;F:\软件\mavenRepository\javax\inject\javax.inject\1\javax.inject-1.jar;F:\软件\mavenRepository\commons-lang\commons-lang\2.6\commons-lang-2.6.jar;F:\软件\mavenRepository\commons-collections\commons-collections\3.2.2\commons-collections-3.2.2.jar;F:\软件\mavenRepository\commons-beanutils\commons-beanutils\1.9.3\commons-beanutils-1.9.3.jar;F:\软件\mavenRepository\junit\junit\4.11\junit-4.11.jar;F:\软件\mavenRepository\org\hamcrest\hamcrest-core\1.3\hamcrest-core-1.3.jar;"/>
    <property name="java.vm.vendor" value="Oracle Corporation"/>
    <property name="sun.arch.data.model" value="64"/>
    <property name="user.variant" value=""/>
    <property name="java.vendor.url" value="http://java.oracle.com/"/>
    <property name="user.timezone" value=""/>
    <property name="java.vm.specification.version" value="1.8"/>
    <property name="os.name" value="Windows Server 2008 R2"/>
    <property name="user.country" value="CN"/>
    <property name="sun.java.launcher" value="SUN_STANDARD"/>
    <property name="sun.boot.library.path" value="D:\jdk1.8.0_77\jdk1.8.0_77\jre\bin"/>
    <property name="sun.java.command" value="C:\Users\ADMINI~1\AppData\Local\Temp\surefire5150704816156765388\surefirebooter2859027491358442224.jar C:\Users\Administrator\AppData\Local\Temp\surefire5150704816156765388 2018-09-14T15-30-22_265-jvmRun1 surefire2794503252851769235tmp surefire_03974806181339758967tmp"/>
    <property name="surefire.test.class.path" value="E:\intellij_workspace1\imooc-security\imooc-security-core\target\test-classes;E:\intellij_workspace1\imooc-security\imooc-security-core\target\classes;F:\软件\mavenRepository\org\springframework\cloud\spring-cloud-starter-oauth2\1.2.1.RELEASE\spring-cloud-starter-oauth2-1.2.1.RELEASE.jar;F:\软件\mavenRepository\org\springframework\cloud\spring-cloud-starter-security\1.2.1.RELEASE\spring-cloud-starter-security-1.2.1.RELEASE.jar;F:\软件\mavenRepository\org\springframework\cloud\spring-cloud-starter\1.2.3.RELEASE\spring-cloud-starter-1.2.3.RELEASE.jar;F:\软件\mavenRepository\org\springframework\cloud\spring-cloud-context\1.2.3.RELEASE\spring-cloud-context-1.2.3.RELEASE.jar;F:\软件\mavenRepository\org\springframework\security\spring-security-crypto\4.2.8.RELEASE\spring-security-crypto-4.2.8.RELEASE.jar;F:\软件\mavenRepository\org\springframework\cloud\spring-cloud-commons\1.2.3.RELEASE\spring-cloud-commons-1.2.3.RELEASE.jar;F:\软件\mavenRepository\org\springframework\security\spring-security-rsa\1.0.3.RELEASE\spring-security-rsa-1.0.3.RELEASE.jar;F:\软件\mavenRepository\org\springframework\boot\spring-boot-starter-actuator\1.5.16.RELEASE\spring-boot-starter-actuator-1.5.16.RELEASE.jar;F:\软件\mavenRepository\org\springframework\boot\spring-boot-actuator\1.5.16.RELEASE\spring-boot-actuator-1.5.16.RELEASE.jar;F:\软件\mavenRepository\com\fasterxml\jackson\core\jackson-databind\2.8.11.2\jackson-databind-2.8.11.2.jar;F:\软件\mavenRepository\com\fasterxml\jackson\core\jackson-annotations\2.8.0\jackson-annotations-2.8.0.jar;F:\软件\mavenRepository\com\fasterxml\jackson\core\jackson-core\2.8.11\jackson-core-2.8.11.jar;F:\软件\mavenRepository\org\springframework\cloud\spring-cloud-security\1.2.1.RELEASE\spring-cloud-security-1.2.1.RELEASE.jar;F:\软件\mavenRepository\org\springframework\boot\spring-boot-starter-security\1.5.16.RELEASE\spring-boot-starter-security-1.5.16.RELEASE.jar;F:\软件\mavenRepository\org\springframework\boot\spring-boot-starter-web\1.5.16.RELEASE\spring-boot-starter-web-1.5.16.RELEASE.jar;F:\软件\mavenRepository\org\springframework\boot\spring-boot-starter-tomcat\1.5.16.RELEASE\spring-boot-starter-tomcat-1.5.16.RELEASE.jar;F:\软件\mavenRepository\org\apache\tomcat\embed\tomcat-embed-core\8.5.34\tomcat-embed-core-8.5.34.jar;F:\软件\mavenRepository\org\apache\tomcat\tomcat-annotations-api\8.5.34\tomcat-annotations-api-8.5.34.jar;F:\软件\mavenRepository\org\apache\tomcat\embed\tomcat-embed-el\8.5.34\tomcat-embed-el-8.5.34.jar;F:\软件\mavenRepository\org\apache\tomcat\embed\tomcat-embed-websocket\8.5.34\tomcat-embed-websocket-8.5.34.jar;F:\软件\mavenRepository\org\hibernate\hibernate-validator\5.3.6.Final\hibernate-validator-5.3.6.Final.jar;F:\软件\mavenRepository\javax\validation\validation-api\1.1.0.Final\validation-api-1.1.0.Final.jar;F:\软件\mavenRepository\org\jboss\logging\jboss-logging\3.3.2.Final\jboss-logging-3.3.2.Final.jar;F:\软件\mavenRepository\com\fasterxml\classmate\1.3.4\classmate-1.3.4.jar;F:\软件\mavenRepository\org\springframework\security\oauth\spring-security-oauth2\2.0.15.RELEASE\spring-security-oauth2-2.0.15.RELEASE.jar;F:\软件\mavenRepository\org\springframework\spring-beans\4.3.19.RELEASE\spring-beans-4.3.19.RELEASE.jar;F:\软件\mavenRepository\org\springframework\spring-core\4.3.19.RELEASE\spring-core-4.3.19.RELEASE.jar;F:\软件\mavenRepository\org\springframework\spring-context\4.3.19.RELEASE\spring-context-4.3.19.RELEASE.jar;F:\软件\mavenRepository\org\springframework\security\spring-security-core\4.2.8.RELEASE\spring-security-core-4.2.8.RELEASE.jar;F:\软件\mavenRepository\org\springframework\security\spring-security-config\4.2.8.RELEASE\spring-security-config-4.2.8.RELEASE.jar;F:\软件\mavenRepository\commons-codec\commons-codec\1.10\commons-codec-1.10.jar;F:\软件\mavenRepository\org\codehaus\jackson\jackson-mapper-asl\1.9.13\jackson-mapper-asl-1.9.13.jar;F:\软件\mavenRepository\org\codehaus\jackson\jackson-core-asl\1.9.13\jackson-core-asl-1.9.13.jar;F:\软件\mavenRepository\org\springframework\security\spring-security-jwt\1.0.9.RELEASE\spring-security-jwt-1.0.9.RELEASE.jar;F:\软件\mavenRepository\org\bouncycastle\bcpkix-jdk15on\1.56\bcpkix-jdk15on-1.56.jar;F:\软件\mavenRepository\org\bouncycastle\bcprov-jdk15on\1.56\bcprov-jdk15on-1.56.jar;F:\软件\mavenRepository\org\springframework\boot\spring-boot-starter-data-redis\1.5.16.RELEASE\spring-boot-starter-data-redis-1.5.16.RELEASE.jar;F:\软件\mavenRepository\org\springframework\boot\spring-boot-starter\1.5.16.RELEASE\spring-boot-starter-1.5.16.RELEASE.jar;F:\软件\mavenRepository\org\springframework\boot\spring-boot-starter-logging\1.5.16.RELEASE\spring-boot-starter-logging-1.5.16.RELEASE.jar;F:\软件\mavenRepository\ch\qos\logback\logback-classic\1.1.11\logback-classic-1.1.11.jar;F:\软件\mavenRepository\ch\qos\logback\logback-core\1.1.11\logback-core-1.1.11.jar;F:\软件\mavenRepository\org\slf4j\jul-to-slf4j\1.7.25\jul-to-slf4j-1.7.25.jar;F:\软件\mavenRepository\org\slf4j\log4j-over-slf4j\1.7.25\log4j-over-slf4j-1.7.25.jar;F:\软件\mavenRepository\org\yaml\snakeyaml\1.17\snakeyaml-1.17.jar;F:\软件\mavenRepository\org\springframework\data\spring-data-redis\1.8.15.RELEASE\spring-data-redis-1.8.15.RELEASE.jar;F:\软件\mavenRepository\org\springframework\data\spring-data-keyvalue\1.2.15.RELEASE\spring-data-keyvalue-1.2.15.RELEASE.jar;F:\软件\mavenRepository\org\springframework\data\spring-data-commons\1.13.15.RELEASE\spring-data-commons-1.13.15.RELEASE.jar;F:\软件\mavenRepository\org\springframework\spring-tx\4.3.19.RELEASE\spring-tx-4.3.19.RELEASE.jar;F:\软件\mavenRepository\org\springframework\spring-oxm\4.3.19.RELEASE\spring-oxm-4.3.19.RELEASE.jar;F:\软件\mavenRepository\org\springframework\spring-aop\4.3.19.RELEASE\spring-aop-4.3.19.RELEASE.jar;F:\软件\mavenRepository\org\springframework\spring-context-support\4.3.19.RELEASE\spring-context-support-4.3.19.RELEASE.jar;F:\软件\mavenRepository\org\slf4j\slf4j-api\1.7.25\slf4j-api-1.7.25.jar;F:\软件\mavenRepository\org\slf4j\jcl-over-slf4j\1.7.25\jcl-over-slf4j-1.7.25.jar;F:\软件\mavenRepository\redis\clients\jedis\2.9.0\jedis-2.9.0.jar;F:\软件\mavenRepository\org\apache\commons\commons-pool2\2.4.3\commons-pool2-2.4.3.jar;F:\软件\mavenRepository\org\springframework\boot\spring-boot-starter-jdbc\1.5.16.RELEASE\spring-boot-starter-jdbc-1.5.16.RELEASE.jar;F:\软件\mavenRepository\org\apache\tomcat\tomcat-jdbc\8.5.34\tomcat-jdbc-8.5.34.jar;F:\软件\mavenRepository\org\apache\tomcat\tomcat-juli\8.5.34\tomcat-juli-8.5.34.jar;F:\软件\mavenRepository\org\springframework\spring-jdbc\4.3.19.RELEASE\spring-jdbc-4.3.19.RELEASE.jar;F:\软件\mavenRepository\org\springframework\boot\spring-boot-autoconfigure\1.5.16.RELEASE\spring-boot-autoconfigure-1.5.16.RELEASE.jar;F:\软件\mavenRepository\org\springframework\boot\spring-boot\1.5.16.RELEASE\spring-boot-1.5.16.RELEASE.jar;F:\软件\mavenRepository\mysql\mysql-connector-java\5.1.47\mysql-connector-java-5.1.47.jar;F:\软件\mavenRepository\org\springframework\social\spring-social-core\1.1.6.RELEASE\spring-social-core-1.1.6.RELEASE.jar;F:\软件\mavenRepository\org\springframework\spring-web\4.3.19.RELEASE\spring-web-4.3.19.RELEASE.jar;F:\软件\mavenRepository\org\springframework\social\spring-social-config\1.1.6.RELEASE\spring-social-config-1.1.6.RELEASE.jar;F:\软件\mavenRepository\org\springframework\social\spring-social-security\1.1.6.RELEASE\spring-social-security-1.1.6.RELEASE.jar;F:\软件\mavenRepository\org\springframework\spring-webmvc\4.3.19.RELEASE\spring-webmvc-4.3.19.RELEASE.jar;F:\软件\mavenRepository\org\springframework\spring-expression\4.3.19.RELEASE\spring-expression-4.3.19.RELEASE.jar;F:\软件\mavenRepository\org\springframework\security\spring-security-web\4.2.8.RELEASE\spring-security-web-4.2.8.RELEASE.jar;F:\软件\mavenRepository\aopalliance\aopalliance\1.0\aopalliance-1.0.jar;F:\软件\mavenRepository\org\springframework\social\spring-social-web\1.1.6.RELEASE\spring-social-web-1.1.6.RELEASE.jar;F:\软件\mavenRepository\javax\inject\javax.inject\1\javax.inject-1.jar;F:\软件\mavenRepository\commons-lang\commons-lang\2.6\commons-lang-2.6.jar;F:\软件\mavenRepository\commons-collections\commons-collections\3.2.2\commons-collections-3.2.2.jar;F:\软件\mavenRepository\commons-beanutils\commons-beanutils\1.9.3\commons-beanutils-1.9.3.jar;F:\软件\mavenRepository\junit\junit\4.11\junit-4.11.jar;F:\软件\mavenRepository\org\hamcrest\hamcrest-core\1.3\hamcrest-core-1.3.jar;"/>
    <property name="sun.cpu.endian" value="little"/>
    <property name="user.home" value="C:\Users\Administrator"/>
    <property name="user.language" value="zh"/>
    <property name="java.specification.vendor" value="Oracle Corporation"/>
    <property name="java.home" value="D:\jdk1.8.0_77\jdk1.8.0_77\jre"/>
    <property name="basedir" value="E:\intellij_workspace1\imooc-security\imooc-security-core"/>
    <property name="file.separator" value="\"/>
    <property name="line.separator" value="&#10;"/>
    <property name="java.vm.specification.vendor" value="Oracle Corporation"/>
    <property name="java.specification.name" value="Java Platform API Specification"/>
    <property name="java.awt.graphicsenv" value="sun.awt.Win32GraphicsEnvironment"/>
    <property name="surefire.real.class.path" value="C:\Users\ADMINI~1\AppData\Local\Temp\surefire5150704816156765388\surefirebooter2859027491358442224.jar"/>
    <property name="sun.boot.class.path" value="D:\jdk1.8.0_77\jdk1.8.0_77\jre\lib\resources.jar;D:\jdk1.8.0_77\jdk1.8.0_77\jre\lib\rt.jar;D:\jdk1.8.0_77\jdk1.8.0_77\jre\lib\sunrsasign.jar;D:\jdk1.8.0_77\jdk1.8.0_77\jre\lib\jsse.jar;D:\jdk1.8.0_77\jdk1.8.0_77\jre\lib\jce.jar;D:\jdk1.8.0_77\jdk1.8.0_77\jre\lib\charsets.jar;D:\jdk1.8.0_77\jdk1.8.0_77\jre\lib\jfr.jar;D:\jdk1.8.0_77\jdk1.8.0_77\jre\classes"/>
    <property name="user.script" value=""/>
    <property name="sun.management.compiler" value="HotSpot 64-Bit Tiered Compilers"/>
    <property name="java.runtime.version" value="1.8.0_77-b03"/>
    <property name="user.name" value="Administrator"/>
    <property name="path.separator" value=";"/>
    <property name="os.version" value="6.1"/>
    <property name="java.endorsed.dirs" value="D:\jdk1.8.0_77\jdk1.8.0_77\jre\lib\endorsed"/>
    <property name="java.runtime.name" value="Java(TM) SE Runtime Environment"/>
    <property name="file.encoding" value="GBK"/>
    <property name="java.vm.name" value="Java HotSpot(TM) 64-Bit Server VM"/>
    <property name="localRepository" value="F:\软件\mavenRepository"/>
    <property name="java.vendor.url.bug" value="http://bugreport.sun.com/bugreport/"/>
    <property name="java.io.tmpdir" value="C:\Users\ADMINI~1\AppData\Local\Temp\"/>
    <property name="idea.version" value="2017.2.5"/>
    <property name="java.version" value="1.8.0_77"/>
    <property name="user.dir" value="E:\intellij_workspace1\imooc-security\imooc-security-core"/>
    <property name="os.arch" value="amd64"/>
    <property name="java.vm.specification.name" value="Java Virtual Machine Specification"/>
    <property name="java.awt.printerjob" value="sun.awt.windows.WPrinterJob"/>
    <property name="sun.os.patch.level" value=""/>
    <property name="java.library.path" value="D:\jdk1.8.0_77\jdk1.8.0_77\jre\bin;C:\Windows\Sun\Java\bin;C:\Windows\system32;C:\Windows;D:\program_files2\java\jdk\bin;D:\program_files2\java\jdk\jre\bin;C:\Windows\system32;C:\Windows;C:\Windows\System32\Wbem;C:\Windows\System32\WindowsPowerShell\v1.0\;C:\Program Files (x86)\Microsoft SQL Server\90\Tools\binn\;D:\program_files2\apache-maven-3.5.0\bin;;D:\program_files1\tortoiesSVN\bin;D:\program_files2\apache-maven-3.5.0\bin;D:\program_files2\git\Git\bin;C:\Program Files\Microsoft\Web Platform Installer\;C:\Program Files (x86)\Microsoft ASP.NET\ASP.NET Web Pages\v1.0\;C:\Program Files\Microsoft SQL Server\110\Tools\Binn\;D:\program_files2\TortoiseGit\bin;D:\program_files2\nodejs\;D:\program_files2\gradle-4.10\bin;C:\Users\Administrator\AppData\Roaming\npm;."/>
    <property name="java.vm.info" value="mixed mode"/>
    <property name="java.vendor" value="Oracle Corporation"/>
    <property name="java.vm.version" value="25.77-b03"/>
    <property name="java.ext.dirs" value="D:\jdk1.8.0_77\jdk1.8.0_77\jre\lib\ext;C:\Windows\Sun\Java\lib\ext"/>
    <property name="sun.io.unicode.encoding" value="UnicodeLittle"/>
    <property name="java.class.version" value="52.0"/>
  </properties>
  <testcase name="shouldAnswerWithTrue" classname="com.imooc.security.AppTest" time="0.004"/>
</testsuite>